Running: /opt/Xilinx/14.7/ISE_DS/ISE/bin/lin64/unwrapped/fuse -relaunch -intstyle "ise" -incremental -lib "unisims_ver" -lib "unimacro_ver" -lib "xilinxcorelib_ver" -lib "secureip" -o "/home/ise/Desktop/Lab4/parking_meter/testbench_305176399_isim_beh.exe" -prj "/home/ise/Desktop/Lab4/parking_meter/testbench_305176399_beh.prj" "work.testbench_305176399" "work.glbl" 
ISim P.20131013 (signature 0xfbc00daa)
Number of CPUs detected in this system: 1
Turning on mult-threading, number of parallel sub-compilation jobs: 0 
Determining compilation order of HDL files
Analyzing Verilog file "/home/ise/Desktop/Lab4/parking_meter/../src/parking_meter.v" into library work
Analyzing Verilog file "/home/ise/Desktop/Lab4/parking_meter/../src/testbench_305176399.v" into library work
Analyzing Verilog file "/opt/Xilinx/14.7/ISE_DS/ISE//verilog/src/glbl.v" into library work
Starting static elaboration
Completed static elaboration
Fuse Memory Usage: 94996 KB
Fuse CPU Usage: 790 ms
Compiling module parking_meter
Compiling module testbench_305176399
Compiling module glbl
Time Resolution for simulation is 1ps.
Compiled 3 Verilog Units
Built simulation executable /home/ise/Desktop/Lab4/parking_meter/testbench_305176399_isim_beh.exe
Fuse Memory Usage: 98400 KB
Fuse CPU Usage: 790 ms
GCC CPU Usage: 90 ms
